<?xml version="1.0" encoding="UTF-8"?>
<!-- Generated by org.testng.reporters.JUnitXMLReporter -->
<testsuite hostname="DESKTOP-3ND57S0" ignored="0" name="BackendTestCasess" tests="5" failures="0" timestamp="07 Oct 2018 19:48:32 GMT" time="66.985" errors="0">
  <testcase name="Email_Report" time="9.187" classname="TestCaseTests.BackendTestCases"/>
  <testcase name="Print_Invoices" time="10.252" classname="TestCaseTests.BackendTestCases"/>
  <testcase name="Sort_Functionality" time="2.241" classname="TestCaseTests.BackendTestCases"/>
  <testcase name="Verify_DisabledFields" time="1.502" classname="TestCaseTests.BackendTestCases">
    <skipped/>
  </testcase> <!-- Verify_DisabledFields -->
  <testcase name="Verify_DisabledFields" time="2.719" classname="TestCaseTests.BackendTestCases"/>
</testsuite> <!-- BackendTestCasess -->
